*********************************************************************
* LD Score Regression (LDSC)
* Version 1.0.1
* (C) 2014-2019 Brendan Bulik-Sullivan and Hilary Finucane
* Broad Institute of MIT and Harvard / MIT Department of Mathematics
* GNU General Public License v3
*********************************************************************
Call: 
./ldsc.py \
--h2-cts /home/bqian/projects/def-pshoosht/bqian/Rscripts/GWASscript/downloads/set9/secondRun/munge_fixed_Hyperthyroidism_GCST90018860.sumstats.gz \
--ref-ld-chr /home/bqian/scratch/ochrodbProject/data/hg19/baseline/baselineLD. \
--out ./atlasGWAS/munge_fixed_Hyperthyroidism_GCST90018860 \
--ref-ld-chr-cts ./noRef.ldct \
--w-ld-chr /home/bqian/scratch/ochrodbProject/data/hg19/weights_hm3_no_hla/weights. 

Beginning analysis at Sun Apr  3 13:36:57 2022
Reading summary statistics from /home/bqian/projects/def-pshoosht/bqian/Rscripts/GWASscript/downloads/set9/secondRun/munge_fixed_Hyperthyroidism_GCST90018860.sumstats.gz ...
Read summary statistics for 16875641 SNPs.
Reading reference panel LD Score from /home/bqian/scratch/ochrodbProject/data/hg19/baseline/baselineLD.[1-22] ... (ldscore_fromlist)
Read reference panel LD Scores for 1190321 SNPs.
Removing partitioned LD Scores with zero variance.
Reading regression weight LD Score from /home/bqian/scratch/ochrodbProject/data/hg19/weights_hm3_no_hla/weights.[1-22] ... (ldscore_fromlist)
Read regression weight LD Scores for 1242190 SNPs.
After merging with reference panel LD, 1188562 SNPs remain.
After merging with regression SNP LD, 1078606 SNPs remain.
Removed 0 SNPs with chi^2 > 179.0 (1078606 SNPs remain)
Reading cts reference panel LD Score from ~/scratch/ochrodbProject/scATAC/data/lung/step2/Bronchiolar.and.alveolar.epithelial.cells.[1-22] ... (ldscore_fromlist)
Performing regression.
Reading cts reference panel LD Score from ~/scratch/ochrodbProject/scATAC/data/lung/step2/Ciliated.epithelial.cells.[1-22] ... (ldscore_fromlist)
Performing regression.
Reading cts reference panel LD Score from ~/scratch/ochrodbProject/scATAC/data/lung/step2/Lymphatic.endothelial.cells.[1-22] ... (ldscore_fromlist)
Performing regression.
Reading cts reference panel LD Score from ~/scratch/ochrodbProject/scATAC/data/lung/step2/Lymphoid.cells.[1-22] ... (ldscore_fromlist)
Performing regression.
Reading cts reference panel LD Score from ~/scratch/ochrodbProject/scATAC/data/lung/step2/Megakaryocytes.[1-22] ... (ldscore_fromlist)
Performing regression.
Reading cts reference panel LD Score from ~/scratch/ochrodbProject/scATAC/data/lung/step2/Myeloid.cells.[1-22] ... (ldscore_fromlist)
Performing regression.
Reading cts reference panel LD Score from ~/scratch/ochrodbProject/scATAC/data/lung/step2/Neuroendocrine.cells.[1-22] ... (ldscore_fromlist)
Performing regression.
Reading cts reference panel LD Score from ~/scratch/ochrodbProject/scATAC/data/lung/step2/Stromal.cells.[1-22] ... (ldscore_fromlist)
Performing regression.
Reading cts reference panel LD Score from ~/scratch/ochrodbProject/scATAC/data/lung/step2/Vascular.endothelial.cells.[1-22] ... (ldscore_fromlist)
Performing regression.
Results printed to ./atlasGWAS/munge_fixed_Hyperthyroidism_GCST90018860.cell_type_results.txt
Analysis finished at Sun Apr  3 13:40:12 2022
Total time elapsed: 3.0m:14.42s
