*********************************************************************
* LD Score Regression (LDSC)
* Version 1.0.1
* (C) 2014-2019 Brendan Bulik-Sullivan and Hilary Finucane
* Broad Institute of MIT and Harvard / MIT Department of Mathematics
* GNU General Public License v3
*********************************************************************
Call: 
./ldsc.py \
--h2-cts /home/bqian/projects/def-pshoosht/bqian/Rscripts/GWASscript/downloads/set8/secondRun/munge_fixed_Hearing_loss_difficulty_in_hearing_GCST90018857.sumstats.gz \
--ref-ld-chr /home/bqian/scratch/ochrodbProject/data/hg19/baseline/baselineLD. \
--out ./atlasGWAS/munge_fixed_Hearing_loss_difficulty_in_hearing_GCST90018857 \
--ref-ld-chr-cts ./noRef.ldct \
--w-ld-chr /home/bqian/scratch/ochrodbProject/data/hg19/weights_hm3_no_hla/weights. 

Beginning analysis at Sun Apr  3 14:07:29 2022
Reading summary statistics from /home/bqian/projects/def-pshoosht/bqian/Rscripts/GWASscript/downloads/set8/secondRun/munge_fixed_Hearing_loss_difficulty_in_hearing_GCST90018857.sumstats.gz ...
Read summary statistics for 16877476 SNPs.
Reading reference panel LD Score from /home/bqian/scratch/ochrodbProject/data/hg19/baseline/baselineLD.[1-22] ... (ldscore_fromlist)
Read reference panel LD Scores for 1190321 SNPs.
Removing partitioned LD Scores with zero variance.
Reading regression weight LD Score from /home/bqian/scratch/ochrodbProject/data/hg19/weights_hm3_no_hla/weights.[1-22] ... (ldscore_fromlist)
Read regression weight LD Scores for 1242190 SNPs.
After merging with reference panel LD, 1188562 SNPs remain.
After merging with regression SNP LD, 1078606 SNPs remain.
Removed 0 SNPs with chi^2 > 179.0 (1078606 SNPs remain)
Reading cts reference panel LD Score from ~/scratch/ochrodbProject/scATAC/data/muscle/step2/Lymphoid.and.Myeloid.cells.[1-22] ... (ldscore_fromlist)
Performing regression.
Reading cts reference panel LD Score from ~/scratch/ochrodbProject/scATAC/data/muscle/step2/Muscle_Unknown.7.[1-22] ... (ldscore_fromlist)
Performing regression.
Reading cts reference panel LD Score from ~/scratch/ochrodbProject/scATAC/data/muscle/step2/Satellite.cells.[1-22] ... (ldscore_fromlist)
Performing regression.
Reading cts reference panel LD Score from ~/scratch/ochrodbProject/scATAC/data/muscle/step2/Schwann.cells.[1-22] ... (ldscore_fromlist)
Performing regression.
Reading cts reference panel LD Score from ~/scratch/ochrodbProject/scATAC/data/muscle/step2/Skeletal.muscle.cells.[1-22] ... (ldscore_fromlist)
Performing regression.
Reading cts reference panel LD Score from ~/scratch/ochrodbProject/scATAC/data/muscle/step2/Smooth.muscle.cells.[1-22] ... (ldscore_fromlist)
Performing regression.
Reading cts reference panel LD Score from ~/scratch/ochrodbProject/scATAC/data/muscle/step2/Stromal.cells.[1-22] ... (ldscore_fromlist)
Performing regression.
Reading cts reference panel LD Score from ~/scratch/ochrodbProject/scATAC/data/muscle/step2/Stromal.cells_Q_.[1-22] ... (ldscore_fromlist)
Performing regression.
Reading cts reference panel LD Score from ~/scratch/ochrodbProject/scATAC/data/muscle/step2/Vascular.endothelial.cells.[1-22] ... (ldscore_fromlist)
Performing regression.
Results printed to ./atlasGWAS/munge_fixed_Hearing_loss_difficulty_in_hearing_GCST90018857.cell_type_results.txt
Analysis finished at Sun Apr  3 14:10:45 2022
Total time elapsed: 3.0m:16.28s
