*********************************************************************
* LD Score Regression (LDSC)
* Version 1.0.1
* (C) 2014-2019 Brendan Bulik-Sullivan and Hilary Finucane
* Broad Institute of MIT and Harvard / MIT Department of Mathematics
* GNU General Public License v3
*********************************************************************
Call: 
./ldsc.py \
--h2-cts /home/bqian/projects/def-pshoosht/bqian/Rscripts/GWASscript/downloads/set17/secondRun/munge_fixed_Retinitis_pigmentosa_GCST90018912.sumstats.gz \
--ref-ld-chr /home/bqian/scratch/ochrodbProject/data/hg19/baseline/baselineLD. \
--out ./atlasGWAS/munge_fixed_Retinitis_pigmentosa_GCST90018912 \
--ref-ld-chr-cts ./noRef.ldct \
--w-ld-chr /home/bqian/scratch/ochrodbProject/data/hg19/weights_hm3_no_hla/weights. 

Beginning analysis at Mon Apr  4 02:39:29 2022
Reading summary statistics from /home/bqian/projects/def-pshoosht/bqian/Rscripts/GWASscript/downloads/set17/secondRun/munge_fixed_Retinitis_pigmentosa_GCST90018912.sumstats.gz ...
Read summary statistics for 15419143 SNPs.
Reading reference panel LD Score from /home/bqian/scratch/ochrodbProject/data/hg19/baseline/baselineLD.[1-22] ... (ldscore_fromlist)
Read reference panel LD Scores for 1190321 SNPs.
Removing partitioned LD Scores with zero variance.
Reading regression weight LD Score from /home/bqian/scratch/ochrodbProject/data/hg19/weights_hm3_no_hla/weights.[1-22] ... (ldscore_fromlist)
Read regression weight LD Scores for 1242190 SNPs.
After merging with reference panel LD, 1183405 SNPs remain.
After merging with regression SNP LD, 1074270 SNPs remain.
Removed 0 SNPs with chi^2 > 179.0 (1074270 SNPs remain)
Reading cts reference panel LD Score from ~/scratch/ochrodbProject/scATAC/data/heart/step2/Cardiomyocytes.[1-22] ... (ldscore_fromlist)
Performing regression.
Reading cts reference panel LD Score from ~/scratch/ochrodbProject/scATAC/data/heart/step2/Cardiomyocytes_S_Vascular.endothelial.cells.[1-22] ... (ldscore_fromlist)
Performing regression.
Reading cts reference panel LD Score from ~/scratch/ochrodbProject/scATAC/data/heart/step2/ELF3_AGBL2.positive.cells_Q_.[1-22] ... (ldscore_fromlist)
Performing regression.
Reading cts reference panel LD Score from ~/scratch/ochrodbProject/scATAC/data/heart/step2/Endocardial.cells.[1-22] ... (ldscore_fromlist)
Performing regression.
Reading cts reference panel LD Score from ~/scratch/ochrodbProject/scATAC/data/heart/step2/Epicardial.fat.cells.[1-22] ... (ldscore_fromlist)
Performing regression.
Reading cts reference panel LD Score from ~/scratch/ochrodbProject/scATAC/data/heart/step2/Erythroblasts.[1-22] ... (ldscore_fromlist)
Performing regression.
Reading cts reference panel LD Score from ~/scratch/ochrodbProject/scATAC/data/heart/step2/Heart_Unknown.10.[1-22] ... (ldscore_fromlist)
Performing regression.
Reading cts reference panel LD Score from ~/scratch/ochrodbProject/scATAC/data/heart/step2/Lymphatic.endothelial.cells.[1-22] ... (ldscore_fromlist)
Performing regression.
Reading cts reference panel LD Score from ~/scratch/ochrodbProject/scATAC/data/heart/step2/Lymphoid.cells.[1-22] ... (ldscore_fromlist)
Performing regression.
Reading cts reference panel LD Score from ~/scratch/ochrodbProject/scATAC/data/heart/step2/Myeloid.cells.[1-22] ... (ldscore_fromlist)
Performing regression.
Reading cts reference panel LD Score from ~/scratch/ochrodbProject/scATAC/data/heart/step2/Schwann.cells.[1-22] ... (ldscore_fromlist)
Performing regression.
Reading cts reference panel LD Score from ~/scratch/ochrodbProject/scATAC/data/heart/step2/Smooth.muscle.cells.[1-22] ... (ldscore_fromlist)
Performing regression.
Reading cts reference panel LD Score from ~/scratch/ochrodbProject/scATAC/data/heart/step2/Vascular.endothelial.cells.[1-22] ... (ldscore_fromlist)
Performing regression.
Results printed to ./atlasGWAS/munge_fixed_Retinitis_pigmentosa_GCST90018912.cell_type_results.txt
Analysis finished at Mon Apr  4 02:42:48 2022
Total time elapsed: 3.0m:19.43s
