*********************************************************************
* LD Score Regression (LDSC)
* Version 1.0.1
* (C) 2014-2019 Brendan Bulik-Sullivan and Hilary Finucane
* Broad Institute of MIT and Harvard / MIT Department of Mathematics
* GNU General Public License v3
*********************************************************************
Call: 
./ldsc.py \
--h2-cts /home/bqian/projects/def-pshoosht/bqian/Rscripts/GWASscript/downloads/set1/secondRun/munge_fixed_Achilles_tendon_injury_GCST90018787.sumstats.gz \
--ref-ld-chr /home/bqian/scratch/ochrodbProject/data/hg19/baseline/baselineLD. \
--out ./atlasGWAS/munge_fixed_Achilles_tendon_injury_GCST90018787 \
--ref-ld-chr-cts ./noRef.ldct \
--w-ld-chr /home/bqian/scratch/ochrodbProject/data/hg19/weights_hm3_no_hla/weights. 

Beginning analysis at Sun Apr  3 13:42:46 2022
Reading summary statistics from /home/bqian/projects/def-pshoosht/bqian/Rscripts/GWASscript/downloads/set1/secondRun/munge_fixed_Achilles_tendon_injury_GCST90018787.sumstats.gz ...
Read summary statistics for 14482014 SNPs.
Reading reference panel LD Score from /home/bqian/scratch/ochrodbProject/data/hg19/baseline/baselineLD.[1-22] ... (ldscore_fromlist)
Read reference panel LD Scores for 1190321 SNPs.
Removing partitioned LD Scores with zero variance.
Reading regression weight LD Score from /home/bqian/scratch/ochrodbProject/data/hg19/weights_hm3_no_hla/weights.[1-22] ... (ldscore_fromlist)
Read regression weight LD Scores for 1242190 SNPs.
After merging with reference panel LD, 1187078 SNPs remain.
After merging with regression SNP LD, 1077468 SNPs remain.
Removed 0 SNPs with chi^2 > 179.0 (1077468 SNPs remain)
Reading cts reference panel LD Score from ~/scratch/ochrodbProject/scATAC/data/spleen/step2/Megakaryocytes.[1-22] ... (ldscore_fromlist)
Performing regression.
Reading cts reference panel LD Score from ~/scratch/ochrodbProject/scATAC/data/spleen/step2/Myeloid.cells.[1-22] ... (ldscore_fromlist)
Performing regression.
Reading cts reference panel LD Score from ~/scratch/ochrodbProject/scATAC/data/spleen/step2/Stromal.cells.[1-22] ... (ldscore_fromlist)
Performing regression.
Reading cts reference panel LD Score from ~/scratch/ochrodbProject/scATAC/data/spleen/step2/Vascular.endothelial.cells.[1-22] ... (ldscore_fromlist)
Performing regression.
Results printed to ./atlasGWAS/munge_fixed_Achilles_tendon_injury_GCST90018787.cell_type_results.txt
Analysis finished at Sun Apr  3 13:45:29 2022
Total time elapsed: 2.0m:42.77s
